<?xml version="1.0" encoding="UTF-8"?>
<!-- Generated by org.testng.reporters.JUnitReportReporter -->
<testsuite hostname="NOIASHMITAP3090" name="com.eprostar.qa.testcases.UserInfoPageTest" tests="1" failures="0" timestamp="23 Jan 2019 05:59:42 GMT" time="23.281" errors="0">
  <testcase name="userInfoLoginTest" time="23.281" classname="com.eprostar.qa.testcases.UserInfoPageTest"/>
</testsuite> <!-- com.eprostar.qa.testcases.UserInfoPageTest -->
