<?xml version="1.0" encoding="UTF-8"?>
<!-- Generated by org.testng.reporters.JUnitReportReporter -->
<testsuite hostname="NOIASHMITAP3090" name="com.eprostar.qa.testcases.LoginPageTest" tests="3" failures="0" timestamp="24 Jan 2019 05:43:51 GMT" time="71.759" errors="0">
  <testcase name="loginLogoImgTest" time="29.696" classname="com.eprostar.qa.testcases.LoginPageTest"/>
  <testcase name="loginTest" time="21.929" classname="com.eprostar.qa.testcases.LoginPageTest"/>
  <testcase name="loginPageTitleTest" time="20.134" classname="com.eprostar.qa.testcases.LoginPageTest"/>
</testsuite> <!-- com.eprostar.qa.testcases.LoginPageTest -->
